Using pre-set license
Built from '2022.3/staging' branch; Version is '2022.3.4f1 (35713cd46cd7) revision 3502396'; Using compiler version '192829333'; Build Type 'Release'
OS: 'Windows 10  (10.0.19045) 64bit Professional' Language: 'es' Physical Memory: 16311 MB
BatchMode: 1, IsHumanControllingUs: 0, StartBugReporterOnCrash: 0, Is64bit: 1, IsPro: 1

COMMAND LINE ARGUMENTS:
Y:\Unity Editor\2022.3.4f1\Editor\Unity.exe
-adb2
-batchMode
-noUpm
-name
AssetImportWorker7
-projectPath
E:/Hora Punta
-logFile
Logs/AssetImportWorker7.log
-srvPort
50600
Successfully changed project path to: E:/Hora Punta
E:/Hora Punta
[UnityMemory] Configuration Parameters - Can be set up in boot.config
    "memorysetup-bucket-allocator-granularity=16"
    "memorysetup-bucket-allocator-bucket-count=8"
    "memorysetup-bucket-allocator-block-size=33554432"
    "memorysetup-bucket-allocator-block-count=8"
    "memorysetup-main-allocator-block-size=16777216"
    "memorysetup-thread-allocator-block-size=16777216"
    "memorysetup-gfx-main-allocator-block-size=16777216"
    "memorysetup-gfx-thread-allocator-block-size=16777216"
    "memorysetup-cache-allocator-block-size=4194304"
    "memorysetup-typetree-allocator-block-size=2097152"
    "memorysetup-profiler-bucket-allocator-granularity=16"
    "memorysetup-profiler-bucket-allocator-bucket-count=8"
    "memorysetup-profiler-bucket-allocator-block-size=33554432"
    "memorysetup-profiler-bucket-allocator-block-count=8"
    "memorysetup-profiler-allocator-block-size=16777216"
    "memorysetup-profiler-editor-allocator-block-size=1048576"
    "memorysetup-temp-allocator-size-main=16777216"
    "memorysetup-job-temp-allocator-block-size=2097152"
    "memorysetup-job-temp-allocator-block-size-background=1048576"
    "memorysetup-job-temp-allocator-reduction-small-platforms=262144"
    "memorysetup-allocator-temp-initial-block-size-main=262144"
    "memorysetup-allocator-temp-initial-block-size-worker=262144"
    "memorysetup-temp-allocator-size-background-worker=32768"
    "memorysetup-temp-allocator-size-job-worker=262144"
    "memorysetup-temp-allocator-size-preload-manager=33554432"
    "memorysetup-temp-allocator-size-nav-mesh-worker=65536"
    "memorysetup-temp-allocator-size-audio-worker=65536"
    "memorysetup-temp-allocator-size-cloud-worker=32768"
    "memorysetup-temp-allocator-size-gi-baking-worker=262144"
    "memorysetup-temp-allocator-size-gfx=262144"
Player connection [2560] Host "[IP] 192.168.1.98 [Port] 0 [Flags] 2 [Guid] 132738671 [EditorId] 132738671 [Version] 1048832 [Id] WindowsEditor(7,DESKTOP-Q73APDO) [Debug] 1 [PackageName] WindowsEditor [ProjectName] Editor" joined multi-casting on [225.0.0.222:54997]...

Player connection [2560] Host "[IP] 192.168.1.98 [Port] 0 [Flags] 2 [Guid] 132738671 [EditorId] 132738671 [Version] 1048832 [Id] WindowsEditor(7,DESKTOP-Q73APDO) [Debug] 1 [PackageName] WindowsEditor [ProjectName] Editor" joined alternative multi-casting on [225.0.0.222:34997]...

Refreshing native plugins compatible for Editor in 23.54 ms, found 4 plugins.
Preloading 0 native plugins for Editor in 0.00 ms.
Initialize engine version: 2022.3.4f1 (35713cd46cd7)
[Subsystems] Discovering subsystems at path Y:/Unity Editor/2022.3.4f1/Editor/Data/Resources/UnitySubsystems
[Subsystems] Discovering subsystems at path E:/Hora Punta/Assets
GfxDevice: creating device client; threaded=0; jobified=0
Direct3D:
    Version:  Direct3D 11.0 [level 11.1]
    Renderer: NVIDIA GeForce RTX 2060 (ID=0x1e89)
    Vendor:   NVIDIA
    VRAM:     5945 MB
    Driver:   32.0.15.5599
Initialize mono
Mono path[0] = 'Y:/Unity Editor/2022.3.4f1/Editor/Data/Managed'
Mono path[1] = 'Y:/Unity Editor/2022.3.4f1/Editor/Data/MonoBleedingEdge/lib/mono/unityjit-win32'
Mono config path = 'Y:/Unity Editor/2022.3.4f1/Editor/Data/MonoBleedingEdge/etc'
Using monoOptions --debugger-agent=transport=dt_socket,embedding=1,server=y,suspend=n,address=127.0.0.1:56984
Begin MonoManager ReloadAssembly
Registering precompiled unity dll's ...
Register platform support module: Y:/Unity Editor/2022.3.4f1/Editor/Data/PlaybackEngines/AndroidPlayer/UnityEditor.Android.Extensions.dll
Register platform support module: Y:/Unity Editor/2022.3.4f1/Editor/Data/PlaybackEngines/WindowsStandaloneSupport/UnityEditor.WindowsStandalone.Extensions.dll
Registered in 0.007528 seconds.
- Loaded All Assemblies, in  0.409 seconds
Native extension for WindowsStandalone target not found
Native extension for Android target not found
Android Extension - Scanning For ADB Devices 386 ms
Mono: successfully reloaded assembly
- Finished resetting the current domain, in  0.768 seconds
Domain Reload Profiling: 1176ms
	BeginReloadAssembly (93ms)
		ExecutionOrderSort (0ms)
		DisableScriptedObjects (0ms)
		BackupInstance (0ms)
		ReleaseScriptingObjects (0ms)
		CreateAndSetChildDomain (1ms)
	RebuildCommonClasses (38ms)
	RebuildNativeTypeToScriptingClass (14ms)
	initialDomainReloadingComplete (66ms)
	LoadAllAssembliesAndSetupDomain (198ms)
		LoadAssemblies (93ms)
		RebuildTransferFunctionScriptingTraits (0ms)
		AnalyzeDomain (194ms)
			TypeCache.Refresh (192ms)
				TypeCache.ScanAssembly (175ms)
			ScanForSourceGeneratedMonoScriptInfo (1ms)
			ResolveRequiredComponents (1ms)
	FinalizeReload (768ms)
		ReleaseScriptCaches (0ms)
		RebuildScriptCaches (0ms)
		SetupLoadedEditorAssemblies (694ms)
			LogAssemblyErrors (0ms)
			InitializePlatformSupportModulesInManaged (544ms)
			SetLoadedEditorAssemblies (4ms)
			RefreshPlugins (0ms)
			BeforeProcessingInitializeOnLoad (2ms)
			ProcessInitializeOnLoadAttributes (98ms)
			ProcessInitializeOnLoadMethodAttributes (47ms)
			AfterProcessingInitializeOnLoad (0ms)
			EditorAssembliesLoaded (0ms)
		ExecutionOrderSort2 (0ms)
		AwakeInstancesAfterBackupRestoration (0ms)
========================================================================
Worker process is ready to serve import requests
Begin MonoManager ReloadAssembly
- Loaded All Assemblies, in  0.727 seconds
Refreshing native plugins compatible for Editor in 3.28 ms, found 4 plugins.
Native extension for WindowsStandalone target not found
Native extension for Android target not found
Package Manager log level set to [2]
[Package Manager] Server::EnsureServerProcessIsRunning -- launch failed, reason: Unity was launched with the -noUpm command-line argument
[Package Manager] UpmClient::Send -- Unable to send message (not connected to UPM process).
[Package Manager] Cannot connect to Unity Package Manager local server
Mono: successfully reloaded assembly
- Finished resetting the current domain, in  0.596 seconds
Domain Reload Profiling: 1323ms
	BeginReloadAssembly (131ms)
		ExecutionOrderSort (0ms)
		DisableScriptedObjects (6ms)
		BackupInstance (0ms)
		ReleaseScriptingObjects (0ms)
		CreateAndSetChildDomain (21ms)
	RebuildCommonClasses (34ms)
	RebuildNativeTypeToScriptingClass (12ms)
	initialDomainReloadingComplete (39ms)
	LoadAllAssembliesAndSetupDomain (509ms)
		LoadAssemblies (269ms)
		RebuildTransferFunctionScriptingTraits (0ms)
		AnalyzeDomain (308ms)
			TypeCache.Refresh (281ms)
				TypeCache.ScanAssembly (266ms)
			ScanForSourceGeneratedMonoScriptInfo (22ms)
			ResolveRequiredComponents (5ms)
	FinalizeReload (596ms)
		ReleaseScriptCaches (0ms)
		RebuildScriptCaches (0ms)
		SetupLoadedEditorAssemblies (418ms)
			LogAssemblyErrors (0ms)
			InitializePlatformSupportModulesInManaged (22ms)
			SetLoadedEditorAssemblies (4ms)
			RefreshPlugins (0ms)
			BeforeProcessingInitializeOnLoad (62ms)
			ProcessInitializeOnLoadAttributes (292ms)
			ProcessInitializeOnLoadMethodAttributes (35ms)
			AfterProcessingInitializeOnLoad (3ms)
			EditorAssembliesLoaded (0ms)
		ExecutionOrderSort2 (0ms)
		AwakeInstancesAfterBackupRestoration (7ms)
Launched and connected shader compiler UnityShaderCompiler.exe after 0.12 seconds
Refreshing native plugins compatible for Editor in 3.12 ms, found 4 plugins.
Preloading 0 native plugins for Editor in 0.00 ms.
Unloading 4052 Unused Serialized files (Serialized files now loaded: 0)
Unloading 64 unused Assets / (61.5 KB). Loaded Objects now: 4522.
Memory consumption went from 149.0 MB to 148.9 MB.
Total: 3.554200 ms (FindLiveObjects: 0.303500 ms CreateObjectMapping: 0.236100 ms MarkObjects: 2.897000 ms  DeleteObjects: 0.116800 ms)

AssetImportParameters requested are different than current active one (requested -> active):
  custom:container-demuxer-ogg: 62fdf1f143b41e24485cea50d1cbac27 -> 
  custom:video-decoder-ogg-theora: a1e56fd34408186e4bbccfd4996cb3dc -> 
  custom:framework-win-MediaFoundation: 216162199b28c13a410421893ffa2e32 -> 
  custom:CustomObjectIndexerAttribute: 756ad292c208cfabdd7b50bc23989ffe -> 
  custom:container-demuxer-webm: 4f35f7cbe854078d1ac9338744f61a02 -> 
  custom:container-muxer-webm: aa71ff27fc2769a1b78a27578f13a17b -> 
  custom:video-decoder-webm-vp8: 9c59270c3fd7afecdb556c50c9e8de78 -> 
  custom:AudioImporter_EditorPlatform: d09bf68614088b80899f8185d706f6e7 -> 
  custom:video-encoder-webm-vp8: eb34c28f22e8b96e1ab97ce403110664 -> 
  custom:audio-decoder-ogg-vorbis: bf7c407c2cedff20999df2af8eb42d56 -> 
  custom:audio-encoder-webm-vorbis: bf7c407c2cedff20999df2af8eb42d56 -> 
========================================================================
Received Import Request.
  Time since last request: 3174.491506 seconds.
  path: Assets/Sprites/animaciones/Az-blanco-anim-chok.png
  artifactKey: Guid(91e56d018336f814b932263592482613) Importer(815301076,1909f56bfc062723c751e8b465ee728b)
Start importing Assets/Sprites/animaciones/Az-blanco-anim-chok.png using Guid(91e56d018336f814b932263592482613) Importer(815301076,1909f56bfc062723c751e8b465ee728b)  -> (artifact id: '117859b1f2ed294aa21809c8c2d15fa0') in 0.101212 seconds
Number of updated asset objects reloaded before import = 0
Number of asset objects unloaded after import = 3
========================================================================
Received Import Request.
  Time since last request: 0.000027 seconds.
  path: Assets/Sprites/animaciones/Az-atigrado-anim-erizado.png
  artifactKey: Guid(fc36ad692d619cc45b8a68c5f414f699) Importer(815301076,1909f56bfc062723c751e8b465ee728b)
Start importing Assets/Sprites/animaciones/Az-atigrado-anim-erizado.png using Guid(fc36ad692d619cc45b8a68c5f414f699) Importer(815301076,1909f56bfc062723c751e8b465ee728b)  -> (artifact id: 'ba9ac08645a83801611fce0dd37fbec2') in 0.019744 seconds
Number of updated asset objects reloaded before import = 0
Number of asset objects unloaded after import = 3
========================================================================
Received Import Request.
  Time since last request: 0.000019 seconds.
  path: Assets/Sprites/animaciones/R-blanco-anim-chok.png
  artifactKey: Guid(87886840190ce7a4a84b88981c4d310b) Importer(815301076,1909f56bfc062723c751e8b465ee728b)
Start importing Assets/Sprites/animaciones/R-blanco-anim-chok.png using Guid(87886840190ce7a4a84b88981c4d310b) Importer(815301076,1909f56bfc062723c751e8b465ee728b)  -> (artifact id: '6e3ccf24bf59bedf48edd3b8b1a3e186') in 0.028810 seconds
Number of updated asset objects reloaded before import = 0
Number of asset objects unloaded after import = 3
========================================================================
Received Import Request.
  Time since last request: 0.000220 seconds.
  path: Assets/Sprites/animaciones/Az-calico-anim-erizado.png
  artifactKey: Guid(feeb1279769e42742a86257d56d30d5c) Importer(815301076,1909f56bfc062723c751e8b465ee728b)
Start importing Assets/Sprites/animaciones/Az-calico-anim-erizado.png using Guid(feeb1279769e42742a86257d56d30d5c) Importer(815301076,1909f56bfc062723c751e8b465ee728b)  -> (artifact id: '2d82512a9edbc5ee65c8a59ee9b5dd40') in 0.032713 seconds
Number of updated asset objects reloaded before import = 0
Number of asset objects unloaded after import = 3
========================================================================
Received Import Request.
  Time since last request: 0.000026 seconds.
  path: Assets/Sprites/animaciones/V-atigrado-anim-chok.png
  artifactKey: Guid(3fb018b3bd760c74a95dcf8aa8e449ae) Importer(815301076,1909f56bfc062723c751e8b465ee728b)
Start importing Assets/Sprites/animaciones/V-atigrado-anim-chok.png using Guid(3fb018b3bd760c74a95dcf8aa8e449ae) Importer(815301076,1909f56bfc062723c751e8b465ee728b)  -> (artifact id: '19106858dff5137c100e8379a0ad8fcd') in 0.026177 seconds
Number of updated asset objects reloaded before import = 0
Number of asset objects unloaded after import = 3
========================================================================
Received Import Request.
  Time since last request: 0.000026 seconds.
  path: Assets/Sprites/animaciones/R-calico-anim-chok.png
  artifactKey: Guid(f34eecc035fd2194aa21b5d408433f06) Importer(815301076,1909f56bfc062723c751e8b465ee728b)
Start importing Assets/Sprites/animaciones/R-calico-anim-chok.png using Guid(f34eecc035fd2194aa21b5d408433f06) Importer(815301076,1909f56bfc062723c751e8b465ee728b)  -> (artifact id: '4034352357c35413b7add6601d8bf3c1') in 0.018705 seconds
Number of updated asset objects reloaded before import = 0
Number of asset objects unloaded after import = 3
========================================================================
Received Import Request.
  Time since last request: 0.000020 seconds.
  path: Assets/Sprites/animaciones/V-calico-anim-chok.png
  artifactKey: Guid(311b9c2e922255047ac5e938051fc0ba) Importer(815301076,1909f56bfc062723c751e8b465ee728b)
Start importing Assets/Sprites/animaciones/V-calico-anim-chok.png using Guid(311b9c2e922255047ac5e938051fc0ba) Importer(815301076,1909f56bfc062723c751e8b465ee728b)  -> (artifact id: 'fb33e1a2e181a5278871692925492df5') in 0.026782 seconds
Number of updated asset objects reloaded before import = 0
Number of asset objects unloaded after import = 3
========================================================================
Received Import Request.
  Time since last request: 0.000019 seconds.
  path: Assets/Sprites/animaciones/V-siames-anim-erizado.png
  artifactKey: Guid(b24999be17a0d274ab42a75e4683ab3a) Importer(815301076,1909f56bfc062723c751e8b465ee728b)
Start importing Assets/Sprites/animaciones/V-siames-anim-erizado.png using Guid(b24999be17a0d274ab42a75e4683ab3a) Importer(815301076,1909f56bfc062723c751e8b465ee728b)  -> (artifact id: '316c17f6e1dbb1ab36474a89b8cde692') in 0.023502 seconds
Number of updated asset objects reloaded before import = 0
Number of asset objects unloaded after import = 3
========================================================================
Received Import Request.
  Time since last request: 0.000013 seconds.
  path: Assets/Sprites/animaciones/R-siames-anim-chok.png
  artifactKey: Guid(22ba88e3471e48943b2fffeb00881cd1) Importer(815301076,1909f56bfc062723c751e8b465ee728b)
Start importing Assets/Sprites/animaciones/R-siames-anim-chok.png using Guid(22ba88e3471e48943b2fffeb00881cd1) Importer(815301076,1909f56bfc062723c751e8b465ee728b)  -> (artifact id: 'f3c3cb3f5478d96ccb5bf095cd02fd17') in 0.019067 seconds
Number of updated asset objects reloaded before import = 0
Number of asset objects unloaded after import = 3
========================================================================
Received Import Request.
  Time since last request: 0.000015 seconds.
  path: Assets/Sprites/animaciones/V-siames-anim-caminando.png
  artifactKey: Guid(529c8385cd8e69a48b27c68e38b2800d) Importer(815301076,1909f56bfc062723c751e8b465ee728b)
Start importing Assets/Sprites/animaciones/V-siames-anim-caminando.png using Guid(529c8385cd8e69a48b27c68e38b2800d) Importer(815301076,1909f56bfc062723c751e8b465ee728b)  -> (artifact id: '393e36bce07c8ad7eff1de0425c6db0c') in 0.043853 seconds
Number of updated asset objects reloaded before import = 0
Number of asset objects unloaded after import = 3
========================================================================
Received Import Request.
  Time since last request: 0.000022 seconds.
  path: Assets/Sprites/animaciones/V-blanco-anim-caminando.png
  artifactKey: Guid(73fa1a5506c180b419475de6660cb539) Importer(815301076,1909f56bfc062723c751e8b465ee728b)
Start importing Assets/Sprites/animaciones/V-blanco-anim-caminando.png using Guid(73fa1a5506c180b419475de6660cb539) Importer(815301076,1909f56bfc062723c751e8b465ee728b)  -> (artifact id: '9484abcf0aa46314f86bd084c29b442c') in 0.021301 seconds
Number of updated asset objects reloaded before import = 0
Number of asset objects unloaded after import = 3
========================================================================
Received Import Request.
  Time since last request: 0.000029 seconds.
  path: Assets/Sprites/animaciones/Az-siames-anim-caminando.png
  artifactKey: Guid(bb67f91704d8e5d419af279895e9b313) Importer(815301076,1909f56bfc062723c751e8b465ee728b)
Start importing Assets/Sprites/animaciones/Az-siames-anim-caminando.png using Guid(bb67f91704d8e5d419af279895e9b313) Importer(815301076,1909f56bfc062723c751e8b465ee728b)  -> (artifact id: '7ea02eb8b903c8d858c6ac475ee6579a') in 0.018207 seconds
Number of updated asset objects reloaded before import = 0
Number of asset objects unloaded after import = 3
========================================================================
Received Import Request.
  Time since last request: 0.000026 seconds.
  path: Assets/Sprites/animaciones/R-atigrado-anim-erizado.png
  artifactKey: Guid(2256ea05272f67548b94c4d31ea29b9f) Importer(815301076,1909f56bfc062723c751e8b465ee728b)
Start importing Assets/Sprites/animaciones/R-atigrado-anim-erizado.png using Guid(2256ea05272f67548b94c4d31ea29b9f) Importer(815301076,1909f56bfc062723c751e8b465ee728b)  -> (artifact id: '66482b5d3a622bb00249c19261aa12de') in 0.017841 seconds
Number of updated asset objects reloaded before import = 0
Number of asset objects unloaded after import = 3
========================================================================
Received Import Request.
  Time since last request: 0.000021 seconds.
  path: Assets/Sprites/animaciones/V-calico-anim-erizado.png
  artifactKey: Guid(5af717840382d7045b4a9ec263ff64b5) Importer(815301076,1909f56bfc062723c751e8b465ee728b)
Start importing Assets/Sprites/animaciones/V-calico-anim-erizado.png using Guid(5af717840382d7045b4a9ec263ff64b5) Importer(815301076,1909f56bfc062723c751e8b465ee728b)  -> (artifact id: 'e9b57725e4054255bb525e5b74048d63') in 0.019901 seconds
Number of updated asset objects reloaded before import = 0
Number of asset objects unloaded after import = 3
========================================================================
Received Import Request.
  Time since last request: 0.000018 seconds.
  path: Assets/Sprites/animaciones/R-atigrado-anim-chok.png
  artifactKey: Guid(1496209b1f5603540999fbc7a9bbb2d9) Importer(815301076,1909f56bfc062723c751e8b465ee728b)
Start importing Assets/Sprites/animaciones/R-atigrado-anim-chok.png using Guid(1496209b1f5603540999fbc7a9bbb2d9) Importer(815301076,1909f56bfc062723c751e8b465ee728b)  -> (artifact id: '83162fffb097cfeb4930d5c6ffa98dc6') in 0.023961 seconds
Number of updated asset objects reloaded before import = 0
Number of asset objects unloaded after import = 3
========================================================================
Received Import Request.
  Time since last request: 0.000022 seconds.
  path: Assets/Sprites/animaciones/Az-calico-anim-caminando.png
  artifactKey: Guid(7a8b02b6e1f110d49b691a5bfb4bfe05) Importer(815301076,1909f56bfc062723c751e8b465ee728b)
Start importing Assets/Sprites/animaciones/Az-calico-anim-caminando.png using Guid(7a8b02b6e1f110d49b691a5bfb4bfe05) Importer(815301076,1909f56bfc062723c751e8b465ee728b)  -> (artifact id: '574a77232fb2835e5389842368fb8b5f') in 0.017088 seconds
Number of updated asset objects reloaded before import = 0
Number of asset objects unloaded after import = 3
========================================================================
Received Import Request.
  Time since last request: 0.000018 seconds.
  path: Assets/Sprites/animaciones/V-calico-anim-caminando.png
  artifactKey: Guid(4b71422bae8b1624c8c45d52a871fb43) Importer(815301076,1909f56bfc062723c751e8b465ee728b)
Start importing Assets/Sprites/animaciones/V-calico-anim-caminando.png using Guid(4b71422bae8b1624c8c45d52a871fb43) Importer(815301076,1909f56bfc062723c751e8b465ee728b)  -> (artifact id: '29e4a770b5ee3007975acbcb627174f4') in 0.022129 seconds
Number of updated asset objects reloaded before import = 0
Number of asset objects unloaded after import = 3
========================================================================
Received Import Request.
  Time since last request: 32.372422 seconds.
  path: Assets/Sprites/animaciones/Am-atigrado-anim-erizado.png
  artifactKey: Guid(d2fc83cdb9910bf4f8e49b3a441adab5) Importer(815301076,1909f56bfc062723c751e8b465ee728b)
Start importing Assets/Sprites/animaciones/Am-atigrado-anim-erizado.png using Guid(d2fc83cdb9910bf4f8e49b3a441adab5) Importer(815301076,1909f56bfc062723c751e8b465ee728b)  -> (artifact id: '3693fe5f75bc7f675ee0bb0fb57ff853') in 0.041351 seconds
Number of updated asset objects reloaded before import = 0
Number of asset objects unloaded after import = 3
========================================================================
Received Import Request.
  Time since last request: 0.000015 seconds.
  path: Assets/Sprites/animaciones/Am-blanco-anim-caminando.png
  artifactKey: Guid(fe7680a381a1e14408af742ac6a6a9fb) Importer(815301076,1909f56bfc062723c751e8b465ee728b)
Start importing Assets/Sprites/animaciones/Am-blanco-anim-caminando.png using Guid(fe7680a381a1e14408af742ac6a6a9fb) Importer(815301076,1909f56bfc062723c751e8b465ee728b)  -> (artifact id: '3495d279795bd3220e8fa47fedb6eada') in 0.061629 seconds
Number of updated asset objects reloaded before import = 0
Number of asset objects unloaded after import = 3
========================================================================
Received Import Request.
  Time since last request: 0.000137 seconds.
  path: Assets/Sprites/animaciones/Am-blanco-anim-chok.png
  artifactKey: Guid(423c34caa58128f488a3c438f0b6df81) Importer(815301076,1909f56bfc062723c751e8b465ee728b)
Start importing Assets/Sprites/animaciones/Am-blanco-anim-chok.png using Guid(423c34caa58128f488a3c438f0b6df81) Importer(815301076,1909f56bfc062723c751e8b465ee728b)  -> (artifact id: 'bfeaafdfcfbdd1cf394b6c8091ef22ec') in 0.047716 seconds
Number of updated asset objects reloaded before import = 0
Number of asset objects unloaded after import = 3
========================================================================
Received Import Request.
  Time since last request: 0.000027 seconds.
  path: Assets/Sprites/animaciones/Am-siames-anim-caminando.png
  artifactKey: Guid(e555c0eefe8633f4c9338c3c09787830) Importer(815301076,1909f56bfc062723c751e8b465ee728b)
Start importing Assets/Sprites/animaciones/Am-siames-anim-caminando.png using Guid(e555c0eefe8633f4c9338c3c09787830) Importer(815301076,1909f56bfc062723c751e8b465ee728b)  -> (artifact id: 'c55a18b7a0822c3a649d5f2e92d93ef0') in 0.045660 seconds
Number of updated asset objects reloaded before import = 0
Number of asset objects unloaded after import = 3
========================================================================
Received Import Request.
  Time since last request: 0.000067 seconds.
  path: Assets/Sprites/animaciones/Az-atigrado-anim-chok.png
  artifactKey: Guid(0f05e48fd6f682a4e961314221c14de8) Importer(815301076,1909f56bfc062723c751e8b465ee728b)
Start importing Assets/Sprites/animaciones/Az-atigrado-anim-chok.png using Guid(0f05e48fd6f682a4e961314221c14de8) Importer(815301076,1909f56bfc062723c751e8b465ee728b)  -> (artifact id: 'aeaca554fff828a5dd9537001c0f5016') in 0.057312 seconds
Number of updated asset objects reloaded before import = 0
Number of asset objects unloaded after import = 3
Editor requested this worker to shutdown with reason: Scaling down because of idle timeout
TcpMessagingSession - receive error: operation aborted. errorcode: 995, details: La operación de E/S se anuló por una salida de subproceso o por una solicitud de aplicación.
AssetImportWorker is now disconnected from the server
Process exiting
Exiting without the bug reporter. Application will terminate with return code 0